This is pdfTeX, Version 3.14159265-2.6-1.40.17 (TeX Live 2016) (preloaded format=pdflatex 2016.5.22)  31 MAY 2017 19:01
entering extended mode
 restricted \write18 enabled.
 %&-line parsing enabled.
**rawStainLogisticModelling.tex
(./rawStainLogisticModelling.tex
LaTeX2e <2016/03/31>
Babel <3.9r> and hyphenation patterns for 83 language(s) loaded.
(/usr/local/texlive/2016/texmf-dist/tex/latex/base/article.cls
Document Class: article 2014/09/29 v1.4h Standard LaTeX document class
(/usr/local/texlive/2016/texmf-dist/tex/latex/base/size10.clo
File: size10.clo 2014/09/29 v1.4h Standard LaTeX file (size option)
)
\c@part=\count79
\c@section=\count80
\c@subsection=\count81
\c@subsubsection=\count82
\c@paragraph=\count83
\c@subparagraph=\count84
\c@figure=\count85
\c@table=\count86
\abovecaptionskip=\skip41
\belowcaptionskip=\skip42
\bibindent=\dimen102
)
(/usr/local/texlive/2016/texmf-dist/tex/latex/graphics/graphicx.sty
Package: graphicx 2014/10/28 v1.0g Enhanced LaTeX Graphics (DPC,SPQR)

(/usr/local/texlive/2016/texmf-dist/tex/latex/graphics/keyval.sty
Package: keyval 2014/10/28 v1.15 key=value parser (DPC)
\KV@toks@=\toks14
)
(/usr/local/texlive/2016/texmf-dist/tex/latex/graphics/graphics.sty
Package: graphics 2016/05/09 v1.0r Standard LaTeX Graphics (DPC,SPQR)

(/usr/local/texlive/2016/texmf-dist/tex/latex/graphics/trig.sty
Package: trig 2016/01/03 v1.10 sin cos tan (DPC)
)
(/usr/local/texlive/2016/texmf-dist/tex/latex/graphics-cfg/graphics.cfg
File: graphics.cfg 2016/01/02 v1.10 sample graphics configuration
)
Package graphics Info: Driver file: pdftex.def on input line 96.

(/usr/local/texlive/2016/texmf-dist/tex/latex/pdftex-def/pdftex.def
File: pdftex.def 2011/05/27 v0.06d Graphics/color for pdfTeX

(/usr/local/texlive/2016/texmf-dist/tex/generic/oberdiek/infwarerr.sty
Package: infwarerr 2016/05/16 v1.4 Providing info/warning/error messages (HO)
)
(/usr/local/texlive/2016/texmf-dist/tex/generic/oberdiek/ltxcmds.sty
Package: ltxcmds 2016/05/16 v1.23 LaTeX kernel commands for general use (HO)
)
\Gread@gobject=\count87
))
\Gin@req@height=\dimen103
\Gin@req@width=\dimen104
)
(/usr/local/texlive/2016/texmf-dist/tex/latex/graphics/color.sty
Package: color 2016/05/09 v1.1c Standard LaTeX Color (DPC)

(/usr/local/texlive/2016/texmf-dist/tex/latex/graphics-cfg/color.cfg
File: color.cfg 2016/01/02 v1.6 sample color configuration
)
Package color Info: Driver file: pdftex.def on input line 144.
)
(./framed.sty
Package: framed 2011/10/22 v 0.96: framed or shaded text with page breaks
\OuterFrameSep=\skip43
\fb@frw=\dimen105
\fb@frh=\dimen106
\FrameRule=\dimen107
\FrameSep=\dimen108
) (/usr/local/texlive/2016/texmf-dist/tex/latex/base/alltt.sty
Package: alltt 1997/06/16 v2.0g defines alltt environment
)
(/usr/local/texlive/2016/texmf-dist/tex/latex/geometry/geometry.sty
Package: geometry 2010/09/12 v5.6 Page Geometry

(/usr/local/texlive/2016/texmf-dist/tex/generic/oberdiek/ifpdf.sty
Package: ifpdf 2016/05/14 v3.1 Provides the ifpdf switch
)
(/usr/local/texlive/2016/texmf-dist/tex/generic/oberdiek/ifvtex.sty
Package: ifvtex 2016/05/16 v1.6 Detect VTeX and its facilities (HO)
Package ifvtex Info: VTeX not detected.
)
(/usr/local/texlive/2016/texmf-dist/tex/generic/ifxetex/ifxetex.sty
Package: ifxetex 2010/09/12 v0.6 Provides ifxetex conditional
)
\Gm@cnth=\count88
\Gm@cntv=\count89
\c@Gm@tempcnt=\count90
\Gm@bindingoffset=\dimen109
\Gm@wd@mp=\dimen110
\Gm@odd@mp=\dimen111
\Gm@even@mp=\dimen112
\Gm@layoutwidth=\dimen113
\Gm@layoutheight=\dimen114
\Gm@layouthoffset=\dimen115
\Gm@layoutvoffset=\dimen116
\Gm@dimlist=\toks15
)
(/usr/local/texlive/2016/texmf-dist/tex/latex/upquote/upquote.sty
Package: upquote 2012/04/19 v1.3 upright-quote and grave-accent glyphs in verba
tim
)
(./rawStainLogisticModelling.aux)
\openout1 = `rawStainLogisticModelling.aux'.

LaTeX Font Info:    Checking defaults for OML/cmm/m/it on input line 54.
LaTeX Font Info:    ... okay on input line 54.
LaTeX Font Info:    Checking defaults for T1/cmr/m/n on input line 54.
LaTeX Font Info:    ... okay on input line 54.
LaTeX Font Info:    Checking defaults for OT1/cmr/m/n on input line 54.
LaTeX Font Info:    ... okay on input line 54.
LaTeX Font Info:    Checking defaults for OMS/cmsy/m/n on input line 54.
LaTeX Font Info:    ... okay on input line 54.
LaTeX Font Info:    Checking defaults for OMX/cmex/m/n on input line 54.
LaTeX Font Info:    ... okay on input line 54.
LaTeX Font Info:    Checking defaults for U/cmr/m/n on input line 54.
LaTeX Font Info:    ... okay on input line 54.

(/usr/local/texlive/2016/texmf-dist/tex/context/base/mkii/supp-pdf.mkii
[Loading MPS to PDF converter (version 2006.09.02).]
\scratchcounter=\count91
\scratchdimen=\dimen117
\scratchbox=\box26
\nofMPsegments=\count92
\nofMParguments=\count93
\everyMPshowfont=\toks16
\MPscratchCnt=\count94
\MPscratchDim=\dimen118
\MPnumerator=\count95
\makeMPintoPDFobject=\count96
\everyMPtoPDFconversion=\toks17
) (/usr/local/texlive/2016/texmf-dist/tex/generic/oberdiek/pdftexcmds.sty
Package: pdftexcmds 2016/05/10 v0.21 Utility functions of pdfTeX for LuaTeX (HO
)

(/usr/local/texlive/2016/texmf-dist/tex/generic/oberdiek/ifluatex.sty
Package: ifluatex 2016/05/16 v1.4 Provides the ifluatex switch (HO)
Package ifluatex Info: LuaTeX not detected.
)
Package pdftexcmds Info: LuaTeX not detected.
Package pdftexcmds Info: \pdf@primitive is available.
Package pdftexcmds Info: \pdf@ifprimitive is available.
Package pdftexcmds Info: \pdfdraftmode found.
)
(/usr/local/texlive/2016/texmf-dist/tex/latex/oberdiek/epstopdf-base.sty
Package: epstopdf-base 2016/05/15 v2.6 Base part for package epstopdf

(/usr/local/texlive/2016/texmf-dist/tex/latex/oberdiek/grfext.sty
Package: grfext 2016/05/16 v1.2 Manage graphics extensions (HO)

(/usr/local/texlive/2016/texmf-dist/tex/generic/oberdiek/kvdefinekeys.sty
Package: kvdefinekeys 2016/05/16 v1.4 Define keys (HO)
))
(/usr/local/texlive/2016/texmf-dist/tex/latex/oberdiek/kvoptions.sty
Package: kvoptions 2016/05/16 v3.12 Key value format for package options (HO)

(/usr/local/texlive/2016/texmf-dist/tex/generic/oberdiek/kvsetkeys.sty
Package: kvsetkeys 2016/05/16 v1.17 Key value parser (HO)

(/usr/local/texlive/2016/texmf-dist/tex/generic/oberdiek/etexcmds.sty
Package: etexcmds 2016/05/16 v1.6 Avoid name clashes with e-TeX commands (HO)
Package etexcmds Info: Could not find \expanded.
(etexcmds)             That can mean that you are not using pdfTeX 1.50 or
(etexcmds)             that some package has redefined \expanded.
(etexcmds)             In the latter case, load this package earlier.
)))
Package grfext Info: Graphics extension search list:
(grfext)             [.png,.pdf,.jpg,.mps,.jpeg,.jbig2,.jb2,.PNG,.PDF,.JPG,.JPE
G,.JBIG2,.JB2,.eps]
(grfext)             \AppendGraphicsExtensions on input line 456.

(/usr/local/texlive/2016/texmf-dist/tex/latex/latexconfig/epstopdf-sys.cfg
File: epstopdf-sys.cfg 2010/07/13 v1.3 Configuration of (r)epstopdf for TeX Liv
e
))
*geometry* driver: auto-detecting
*geometry* detected driver: pdftex
*geometry* verbose mode - [ preamble ] result:
* driver: pdftex
* paper: a4paper
* layout: <same size as paper>
* layoutoffset:(h,v)=(0.0pt,0.0pt)
* modes: 
* h-part:(L,W,R)=(72.26999pt, 452.9679pt, 72.26999pt)
* v-part:(T,H,B)=(72.26999pt, 700.50687pt, 72.26999pt)
* \paperwidth=597.50787pt
* \paperheight=845.04684pt
* \textwidth=452.9679pt
* \textheight=700.50687pt
* \oddsidemargin=0.0pt
* \evensidemargin=0.0pt
* \topmargin=-37.0pt
* \headheight=12.0pt
* \headsep=25.0pt
* \topskip=10.0pt
* \footskip=30.0pt
* \marginparwidth=57.0pt
* \marginparsep=11.0pt
* \columnsep=10.0pt
* \skip\footins=9.0pt plus 4.0pt minus 2.0pt
* \hoffset=0.0pt
* \voffset=0.0pt
* \mag=1000
* \@twocolumnfalse
* \@twosidefalse
* \@mparswitchfalse
* \@reversemarginfalse
* (1in=72.27pt=25.4mm, 1cm=28.453pt)


Underfull \hbox (badness 10000) in paragraph at lines 59--63

 []

LaTeX Font Info:    Try loading font information for OMS+cmr on input line 64.
(/usr/local/texlive/2016/texmf-dist/tex/latex/base/omscmr.fd
File: omscmr.fd 2014/09/29 v2.5h Standard LaTeX font definitions
)
LaTeX Font Info:    Font shape `OMS/cmr/m/n' in size <10> not available
(Font)              Font shape `OMS/cmsy/m/n' tried instead on input line 64.
Package color Info: Redefining color shadecolor on input line 78.
LaTeX Font Info:    Font shape `OT1/cmtt/bx/n' in size <10> not available
(Font)              Font shape `OT1/cmtt/m/n' tried instead on input line 80.
Package color Info: Redefining color shadecolor on input line 91.
LaTeX Font Info:    Try loading font information for OMS+cmtt on input line 94.


(/Library/Frameworks/R.framework/Resources/share/texmf/tex/latex/omscmtt.fd
File: omscmtt.fd 
)
LaTeX Font Info:    Font shape `OMS/cmtt/m/n' in size <10> not available
(Font)              Font shape `OMS/cmsy/m/n' tried instead on input line 94.

Overfull \hbox (1463.2654pt too wide) in paragraph at lines 100--100
[][]\OT1/cmtt/m/n/10 markerLabelsVec[] []=[] []c[][]([][]^^MSrBCK^^M[][],[] []^
^MRR101^^M[][],[] []^^MRR102^^M[][],[] []^^MAvantiLipid^^M[][],[] []^^MXeBCK^^M
[][],[] []^^MCD196^^M[][],[] []^^MCD19^^M[][],[] []^^MVimentin^^M[][],[] []^^MC
D163^^M[][],[] []^^MCD20^^M[][],[] []^^MCD16^^M[][],[] []^^MCD25^^M[][],[] []^^
Mp53^^M[][],[] []^^MCD134^^M[][],[] []^^MCD45^^M[][],[] []^^MCD44s^^M[][],[] []
^^MCD14^^M[][],[] []^^MFoxP3^^M[][],[] []^^MCD4^^M[][],[] []^^ME-cadherin^^M[][
],[] []^^Mp21^^M[][],[] []^^MCD152^^M[][],[] []^^MCD8a^^M[][],[] []^^MCD11b^^M[
][],[] []^^MBeta-catenin^^M[][],[] []^^MB7-H4^^M[][],[] []^^MKi67^^M[][],[] []^
^MCollagenI^^M[][],[] []^^MCD3^^M[][],[] []^^MCD68^^M[][],[] []^^MPD-L2^^M[][],
[] []^^MB7-H3^^M[][],[] []^^MHLA-DR^^M[][],[] []^^MpS6^^M[][],[] []^^MHistoneH3
^^M[][],[] []^^MDNA191^^M[][],[] []^^MDNA193^^M[][])[][] 
 []

Package color Info: Redefining color shadecolor on input line 110.

Overfull \hbox (115.76328pt too wide) in paragraph at lines 112--112
[][]\OT1/cmtt/m/it/10 # Standardise the data, using the caret preproces functio
n. Note: preProcess can also do a Box-Cox transform[][] 
 []


Overfull \hbox (35.27785pt too wide) in paragraph at lines 136--136
[]                                 []\OT1/cmtt/m/n/10 meanStainWide_Tranformed[
,[][]3[][]:[][]ncol[][](meanStainWide_Tranformed)])[][] 
 []

[1

{/usr/local/texlive/2016/texmf-var/fonts/map/pdftex/updmap/pdftex.map}]
Package color Info: Redefining color shadecolor on input line 145.

[2]
Package color Info: Redefining color shadecolor on input line 221.

Overfull \hbox (885.77043pt too wide) in paragraph at lines 230--230
[][]\OT1/cmtt/m/n/10 confIntLogitCoeffs[] []=[] []data.frame[][]([][]MarkerLabe
ls[][]=markerLabelsVec,[][]MeanCoeff[][]=[][]as.numeric[][](logitMCoeffs[[][]2[
][]:[][]length[][](logitMCoeffs)]),[][]SE[][]=logitMStdErrs[[][]2[][]:[][]lengt
h[][](logitMStdErrs)],[][]CI[][]=[][]qt[][](confLevel[][]/[][]2[][]+[][].5[][],
[] []nrow[][](meanStainWide_Tranformed))[][]*[][]logitMStdErrs[[][]2[][]:[][]le
ngth[][](logitMStdErrs)])[][] 
 []

<figure/Fig_fullLogCoeff-1.pdf, id=14, 505.89pt x 505.89pt>
File: figure/Fig_fullLogCoeff-1.pdf Graphic file (type pdf)

<use figure/Fig_fullLogCoeff-1.pdf>
Package pdftex.def Info: figure/Fig_fullLogCoeff-1.pdf used on input line 245.
(pdftex.def)             Requested size: 452.9679pt x 452.97328pt.
Package color Info: Redefining color shadecolor on input line 257.
 [3] [4 <./figure/Fig_fullLogCoeff-1.pdf>]
Package color Info: Redefining color shadecolor on input line 287.

Overfull \hbox (45.77776pt too wide) in paragraph at lines 290--290
[][]\OT1/cmtt/m/n/10 meanStainWide_Tranformed[] []=[] []meanStainWide_Tranforme
d[,[][]names[][](meanStainWide_Tranformed)[][]!=[][]"DNA193"[][]][][] 
 []

Package color Info: Redefining color shadecolor on input line 321.

Overfull \hbox (40.5278pt too wide) in paragraph at lines 324--324
[][]\OT1/cmtt/m/n/10 meanStainWide_Tranformed[] []=[] []meanStainWide_Tranforme
d[,[][]names[][](meanStainWide_Tranformed)[][]!=[][]"RR102"[][]][][] 
 []

[5]
Package color Info: Redefining color shadecolor on input line 354.

Overfull \hbox (40.5278pt too wide) in paragraph at lines 357--357
[]                    []\OT1/cmtt/m/n/10 data[][]=meanStainWide_Tranformed[,[][
]names[][](meanStainWide_Tranformed)[][]!=[][]"PtSnty"[][]])[][] 
 []


Overfull \hbox (40.5278pt too wide) in paragraph at lines 413--413
[]\OT1/cmtt/m/n/10 ## lm(formula = CD68 ~ ., data = meanStainWide_Tranformed[, 
names(meanStainWide_Tranformed) !=[] 
 []

[6]
LaTeX Font Info:    External font `cmex10' loaded for size
(Font)              <7> on input line 419.
LaTeX Font Info:    External font `cmex10' loaded for size
(Font)              <5> on input line 419.
Package color Info: Redefining color shadecolor on input line 432.

Overfull \hbox (40.5278pt too wide) in paragraph at lines 435--435
[][]\OT1/cmtt/m/n/10 meanStainWide_Tranformed[] []=[] []meanStainWide_Tranforme
d[,[][]names[][](meanStainWide_Tranformed)[][]!=[][]"CD11b"[][]][][] 
 []

Package color Info: Redefining color shadecolor on input line 469.
[7]
Overfull \hbox (35.27785pt too wide) in paragraph at lines 486--486
[]                                 []\OT1/cmtt/m/n/10 meanStainWide_Tranformed[
,[][]3[][]:[][]ncol[][](meanStainWide_Tranformed)])[][] 
 []


Overfull \hbox (19.52798pt too wide) in paragraph at lines 491--491
[]                      []\OT1/cmtt/m/n/10 ![][]([][]names[][](meanStainWide_Tr
anformed)[] []%in%[] []c[][]([][]"DNA193"[][],[][]"RR102"[][],[][]"CD11b"[][]))
][][] 
 []

[8]
Package color Info: Redefining color shadecolor on input line 538.
Package color Info: Redefining color shadecolor on input line 573.
Package color Info: Redefining color shadecolor on input line 593.
 [9]
Package color Info: Redefining color shadecolor on input line 613.

Overfull \hbox (71.77759pt too wide) in paragraph at lines 617--617
[][]\OT1/cmtt/m/n/10 PlotCoefficients[] []=[] []function[][]([][]model[][],[][]
confLevel[][]=[][]0.95[][],[][]yLim[][]=[][]c[][]([][]-[][]25[][],[][]25[][]),[
][]yPos[][]=[][]20[][],[][]starSize[][]=[][]7[][],[][]errBarWidth[][]=[][].8[][
]) \OMS/cmsy/m/n/10 f[][] 
 []


Overfull \hbox (24.77794pt too wide) in paragraph at lines 625--625
[]  []\OT1/cmtt/m/n/10 confIntLogitCoeffs[] []=[] []data.frame[][]([][]MarkerLa
bels[][]=[][]names[][](logitMCoeffs)[[][]2[][]:[][]length[][](logitMCoeffs)],[]
[] 
 []


Overfull \hbox (35.27785pt too wide) in paragraph at lines 626--626
[]                                  []\OT1/cmtt/m/n/10 MeanCoeff[][]=[][]as.num
eric[][](logitMCoeffs[[][]2[][]:[][]length[][](logitMCoeffs)]),[][] 
 []


Overfull \hbox (24.77794pt too wide) in paragraph at lines 628--628
[]                                  []\OT1/cmtt/m/n/10 CI[][]=[][]rep[][]([][]0
[][],[][]length[][](logitMStdErrs[[][]2[][]:[][]length[][](logitMStdErrs)])))[]
[] 
 []


Overfull \hbox (35.27785pt too wide) in paragraph at lines 637--637
[]                                             []\OT1/cmtt/m/n/10 order[][](con
fIntLogitCoeffs[][]$[][]MeanCoeff,[][]decreasing[][]=F)[][] 
 []

[10] <figure/Fig_redModCoeff-1.pdf, id=47, 505.89pt x 505.89pt>
File: figure/Fig_redModCoeff-1.pdf Graphic file (type pdf)

<use figure/Fig_redModCoeff-1.pdf>
Package pdftex.def Info: figure/Fig_redModCoeff-1.pdf used on input line 672.
(pdftex.def)             Requested size: 452.9679pt x 452.97328pt.
Package color Info: Redefining color shadecolor on input line 681.
 [11 <./figure/Fig_redModCoeff-1.pdf>]
Package color Info: Redefining color shadecolor on input line 715.

Overfull \hbox (3.77812pt too wide) in paragraph at lines 729--729
[][]\OT1/cmtt/m/n/10 xValidResult[] []=[] []data.frame[][]([][]Accuracy[][]=[][
]c[][](fullModAccVec,redModAccVec,redModAccVec_BothDNAs),[][] 
 []


Overfull \hbox (24.27806pt too wide) in paragraph at lines 736--736
[]                                               []\OT1/cmtt/m/n/10 "Reduced Mo
del\OMS/cmsy/m/n/10 n\OT1/cmtt/m/n/10 n with DNA191\OMS/cmsy/m/n/10 n\OT1/cmtt/
m/n/10 n and DNA193"[][]))[][] 
 []

<figure/FigModelCrossVal1-1.pdf, id=57, 505.89pt x 505.89pt>
File: figure/FigModelCrossVal1-1.pdf Graphic file (type pdf)

<use figure/FigModelCrossVal1-1.pdf>
Package pdftex.def Info: figure/FigModelCrossVal1-1.pdf used on input line 739.

(pdftex.def)             Requested size: 452.9679pt x 452.97328pt.
 [12]
Package color Info: Redefining color shadecolor on input line 750.
 [13 <./figure/FigModelCrossVal1-1.pdf>]
Package color Info: Redefining color shadecolor on input line 770.

Overfull \hbox (56.27766pt too wide) in paragraph at lines 829--829
[]\OT1/cmtt/m/n/10 ## lm(formula = CD163 ~ ., data = meanStainWide_Tranformed[,
 2:length(meanStainWide_Tranformed)])[] 
 []


Overfull \vbox (0.4598pt too high) detected at line 830
 []

[14]
Package color Info: Redefining color shadecolor on input line 836.

Overfull \hbox (51.02771pt too wide) in paragraph at lines 884--884
[]\OT1/cmtt/m/n/10 ##     CD8a + ^^RBeta-catenin^^R + CD68 + ^^RPD-L2^^R + pS6 
+ DNA191, family = binomial(link = "logit"),[] 
 []

Package color Info: Redefining color shadecolor on input line 890.

Overfull \hbox (14.27803pt too wide) in paragraph at lines 937--937
[]\OT1/cmtt/m/n/10 ##     ^^RBeta-catenin^^R + CD68 + ^^RPD-L2^^R + pS6 + DNA19
1, family = binomial(link = "logit"),[] 
 []

[15]
Package color Info: Redefining color shadecolor on input line 943.
 [16]
Package color Info: Redefining color shadecolor on input line 995.

Overfull \hbox (35.27785pt too wide) in paragraph at lines 1039--1039
[]\OT1/cmtt/m/n/10 ##     CD68 + pS6 + DNA191, family = binomial(link = "logit"
), data = meanStainWide_LessCorr)[] 
 []

[17]
Package color Info: Redefining color shadecolor on input line 1046.
Package color Info: Redefining color shadecolor on input line 1064.
 <figure/Fig_minModCoeff-1.pdf, id=82, 505.89pt x 505.89pt>
File: figure/Fig_minModCoeff-1.pdf Graphic file (type pdf)

<use figure/Fig_minModCoeff-1.pdf>
Package pdftex.def Info: figure/Fig_minModCoeff-1.pdf used on input line 1069.
(pdftex.def)             Requested size: 452.9679pt x 452.97328pt.


LaTeX Warning: `h' float specifier changed to `ht'.

Package color Info: Redefining color shadecolor on input line 1077.

Overfull \hbox (19.0281pt too wide) in paragraph at lines 1096--1096
[]                                               []\OT1/cmtt/m/n/10 "Reduced Mo
del\OMS/cmsy/m/n/10 n\OT1/cmtt/m/n/10 n with DNA191\OMS/cmsy/m/n/10 n\OT1/cmtt/
m/n/10 n and DNA193"[][],[][] 
 []

<figure/FigModelCrossVal2-1.pdf, id=83, 505.89pt x 505.89pt>
File: figure/FigModelCrossVal2-1.pdf Graphic file (type pdf)

<use figure/FigModelCrossVal2-1.pdf>
Package pdftex.def Info: figure/FigModelCrossVal2-1.pdf used on input line 1100
.
(pdftex.def)             Requested size: 452.9679pt x 452.97328pt.


LaTeX Warning: `h' float specifier changed to `ht'.

Package color Info: Redefining color shadecolor on input line 1110.
[18]
Overfull \hbox (19.27805pt too wide) in paragraph at lines 1123--1123
[]                       []\OT1/cmtt/m/n/10 label[] []=[] []"Immature Dendritic
 Cells/\OMS/cmsy/m/n/10 n\OT1/cmtt/m/n/10 n Memory T-Cells"[][],[] []size[] []=
 tSize)[][] 
 []


Underfull \vbox (badness 10000) detected at line 1160
 []


Underfull \vbox (badness 10000) detected at line 1160
 []

[19 <./figure/Fig_minModCoeff-1.pdf>]
Underfull \vbox (badness 10000) detected at line 1160
 []


Underfull \vbox (badness 10000) detected at line 1160
 []

[20 <./figure/FigModelCrossVal2-1.pdf>]
<figure/Fig_minModCoeff_Annot-1.pdf, id=105, 505.89pt x 505.89pt>
File: figure/Fig_minModCoeff_Annot-1.pdf Graphic file (type pdf)

<use figure/Fig_minModCoeff_Annot-1.pdf>
Package pdftex.def Info: figure/Fig_minModCoeff_Annot-1.pdf used on input line 
1161.
(pdftex.def)             Requested size: 452.9679pt x 452.97328pt.


LaTeX Warning: `h' float specifier changed to `ht'.

Missing character: There is no â in font cmr10!
Missing character: There is no € in font cmr10!
Missing character: There is no “ in font cmr10!
Package color Info: Redefining color shadecolor on input line 1179.

Overfull \hbox (0.26428pt too wide) in paragraph at lines 1181--1181
[][]\OT1/cmtt/m/it/10 # Function to decorrelate the variables in an R regressio
n model (of class lm or glm).[][] 
 []


Overfull \hbox (16.01414pt too wide) in paragraph at lines 1182--1182
[][]\OT1/cmtt/m/it/10 # It drops the variable with the highest VIF until all VI
Fs are below targetVIF. VIF is a[][] 
 []


Overfull \hbox (21.2641pt too wide) in paragraph at lines 1183--1183
[][]\OT1/cmtt/m/it/10 # measure of how well one variable can be expressed as a 
linear combination of the others.[][] 
 []


Overfull \hbox (21.2641pt too wide) in paragraph at lines 1208--1208
[][]\OT1/cmtt/m/it/10 # Function to compute the accuracy of the model in predic
ting the provided input variables[][] 
 []

[21]
Underfull \vbox (badness 10000) detected at line 1256
 []


Underfull \vbox (badness 10000) detected at line 1256
 []

[22 <./figure/Fig_minModCoeff_Annot-1.pdf>]
Package color Info: Redefining color shadecolor on input line 1262.

Overfull \hbox (24.77794pt too wide) in paragraph at lines 1266--1266
[][]\OT1/cmtt/m/n/10 reducedCoLinModelArr100[] []=[] []AICVIFCoElimination[][](
[][]DecorrelateVariables[][](initModel,[][]100[][],[][]verbose[][]=F)[][] 
 []


Overfull \hbox (14.27803pt too wide) in paragraph at lines 1268--1268
[][]\OT1/cmtt/m/n/10 reducedCoLinModelArr20[] []=[] []AICVIFCoElimination[][]([
][]DecorrelateVariables[][](initModel,[][]20[][],[][]verbose[][]=F)[][] 
 []


Overfull \hbox (14.27803pt too wide) in paragraph at lines 1270--1270
[][]\OT1/cmtt/m/n/10 reducedCoLinModelArr10[] []=[] []AICVIFCoElimination[][]([
][]DecorrelateVariables[][](initModel,[][]10[][],[][]verbose[][]=F)[][] 
 []

Package color Info: Redefining color shadecolor on input line 1279.
[23]
Package color Info: Redefining color shadecolor on input line 1314.
 <figure/FigModelCrossVal3-1.pdf, id=121, 505.89pt x 505.89pt>
File: figure/FigModelCrossVal3-1.pdf Graphic file (type pdf)

<use figure/FigModelCrossVal3-1.pdf>
Package pdftex.def Info: figure/FigModelCrossVal3-1.pdf used on input line 1350
.
(pdftex.def)             Requested size: 452.9679pt x 452.97328pt.


LaTeX Warning: `h' float specifier changed to `ht'.

Package color Info: Redefining color shadecolor on input line 1358.
[24]
Package color Info: Redefining color shadecolor on input line 1374.
Package color Info: Redefining color shadecolor on input line 1387.
 [25 <./figure/FigModelCrossVal3-1.pdf>]
Package color Info: Redefining color shadecolor on input line 1399.

Overfull \hbox (19.27805pt too wide) in paragraph at lines 1407--1407
[]                       []\OT1/cmtt/m/n/10 label[] []=[] []"Immature Dendritic
 Cells/\OMS/cmsy/m/n/10 n\OT1/cmtt/m/n/10 n Memory T-Cells"[][],[] []size[] []=
 tSize)[][] 
 []

<figure/Fig_Model20-1.pdf, id=134, 505.89pt x 505.89pt>
File: figure/Fig_Model20-1.pdf Graphic file (type pdf)

<use figure/Fig_Model20-1.pdf>
Package pdftex.def Info: figure/Fig_Model20-1.pdf used on input line 1445.
(pdftex.def)             Requested size: 452.9679pt x 452.97328pt.


LaTeX Warning: `h' float specifier changed to `ht'.

Package color Info: Redefining color shadecolor on input line 1455.
<figure/Fig_Model10-1.pdf, id=135, 505.89pt x 505.89pt>
File: figure/Fig_Model10-1.pdf Graphic file (type pdf)

<use figure/Fig_Model10-1.pdf>
Package pdftex.def Info: figure/Fig_Model10-1.pdf used on input line 1460.
(pdftex.def)             Requested size: 452.9679pt x 452.97328pt.


LaTeX Warning: `h' float specifier changed to `ht'.

[26]
Package color Info: Redefining color shadecolor on input line 1472.
 [27 <./figure/Fig_Model20-1.pdf>]
Underfull \vbox (badness 10000) detected at line 1525
 []


Underfull \vbox (badness 10000) detected at line 1525
 []

[28 <./figure/Fig_Model10-1.pdf>]
Package color Info: Redefining color shadecolor on input line 1531.
 [29]
Package color Info: Redefining color shadecolor on input line 1591.
 [30]
Package color Info: Redefining color shadecolor on input line 1645.

Overfull \hbox (166.5267pt too wide) in paragraph at lines 1649--1649
[][]\OT1/cmtt/m/n/10 meanStain_Staged[] []=[] []data.frame[][]([][]CoreId[][]=m
eanStain_Wide[][]$[][]CoreId,meanStainWide_Tranformed,[][]Stage[][]=[][]rep[][]
([][]0[][],[][]nrow[][](meanStain_Wide)))[][] 
 []

[31]
Underfull \vbox (badness 10000) detected at line 1793
 []


Underfull \vbox (badness 10000) detected at line 1793
 []

[32]
Overfull \hbox (76.58864pt too wide) in paragraph at lines 1804--1805
[]\OT1/cmr/m/n/10 For a de-tailed break-down see https://www.cancer.org/cancer/
ovarian-cancer/detection-diagnosis-staging/staging.html. 
 []

Package color Info: Redefining color shadecolor on input line 1809.
[33]
Package color Info: Redefining color shadecolor on input line 1824.

Overfull \hbox (19.52798pt too wide) in paragraph at lines 1827--1827
[][]\OT1/cmtt/m/n/10 omit[] []=[] []c[][]([][]which[][]([][]names[][](meanStain
_Staged)[][]==[][]"CoreId"[][]),[][]which[][]([][]names[][](meanStain_Staged)[]
[]==[][]"Stage"[][]))[][] 
 []

Package color Info: Redefining color shadecolor on input line 1883.
[34]
Overfull \hbox (3.77812pt too wide) in paragraph at lines 2030--2030
[]\OT1/cmtt/m/n/10 ##     Vimentin:StageCoarse + HistoneH3:StageCoarse, family 
= binomial(link = "logit"),[] 
 []

[35] [36]
Package color Info: Redefining color shadecolor on input line 2035.

Overfull \hbox (21.2641pt too wide) in paragraph at lines 2040--2040
[][]\OT1/cmtt/m/it/10 # markerNames = names(bestModel$coefficients)[2:(length(n
ames(bestModel$coefficients))-3)][][] 
 []

Package color Info: Redefining color shadecolor on input line 2047.
[37] (./rawStainLogisticModelling.aux) ) 
Here is how much of TeX's memory you used:
 2177 strings out of 493014
 32775 string characters out of 6133351
 133601 words of memory out of 5000000
 5693 multiletter control sequences out of 15000+600000
 4581 words of font info for 18 fonts, out of 8000000 for 9000
 1141 hyphenation exceptions out of 8191
 38i,6n,32p,1038b,277s stack positions out of 5000i,500n,10000p,200000b,80000s
</usr/local/texlive/2016/texmf-dist/fon
ts/type1/public/amsfonts/cm/cmbx12.pfb></usr/local/texlive/2016/texmf-dist/font
s/type1/public/amsfonts/cm/cmitt10.pfb></usr/local/texlive/2016/texmf-dist/font
s/type1/public/amsfonts/cm/cmmi10.pfb></usr/local/texlive/2016/texmf-dist/fonts
/type1/public/amsfonts/cm/cmr10.pfb></usr/local/texlive/2016/texmf-dist/fonts/t
ype1/public/amsfonts/cm/cmsy10.pfb></usr/local/texlive/2016/texmf-dist/fonts/ty
pe1/public/amsfonts/cm/cmtt10.pfb>
Output written on rawStainLogisticModelling.pdf (37 pages, 207332 bytes).
PDF statistics:
 210 PDF objects out of 1000 (max. 8388607)
 139 compressed objects within 2 object streams
 0 named destinations out of 1000 (max. 500000)
 46 words of extra memory for PDF output out of 10000 (max. 10000000)

